<?xml version="1.0" encoding="UTF-8"?>
<testng-results ignored="0" total="1" passed="1" failed="0" skipped="0">
  <reporter-output>
  </reporter-output>
  <suite started-at="2022-11-03T03:59:18 IST" name="com.PopupTest.GoogleSearchPopupTest" finished-at="2022-11-03T03:59:36 IST" duration-ms="18054">
    <groups>
    </groups>
    <test started-at="2022-11-03T03:59:18 IST" name="Command line test" finished-at="2022-11-03T03:59:36 IST" duration-ms="18054">
      <class name="com.PopupTest.GoogleSearchPopupTest">
        <test-method signature="testPopupOnGoogleSearch()[pri:0, instance:com.PopupTest.GoogleSearchPopupTest@2e377400]" started-at="2022-11-03T03:59:18 IST" name="testPopupOnGoogleSearch" finished-at="2022-11-03T03:59:36 IST" duration-ms="18014" status="PASS">
          <reporter-output>
          </reporter-output>
        </test-method> <!-- testPopupOnGoogleSearch -->
      </class> <!-- com.PopupTest.GoogleSearchPopupTest -->
    </test> <!-- Command line test -->
  </suite> <!-- com.PopupTest.GoogleSearchPopupTest -->
</testng-results>
